

*******************************************************************************
Thu Mar 26 16:21:12 2015


FIT:    data read from 'messwerte.csv' u 2:5:(0.2)
        format = x:z:s
        x range restricted to [40.0000 : 95.0000]
        #datapoints = 19
function used for fitting: j(rad(x))
fitted parameters initialized with current variable values



 Iteration 0
 WSSR        : 995228            delta(WSSR)/WSSR   : 0
 delta(WSSR) : 0                 limit for stopping : 1e-05
 lambda	  : 206540

initial set of free parameter values

n_1             = 1

After 7 iterations the fit converged.
final sum of squares of residuals : 1618.23
rel. change during last iteration : -7.86611e-06

degrees of freedom    (FIT_NDF)                        : 18
rms of residuals      (FIT_STDFIT) = sqrt(WSSR/ndf)    : 9.48166
variance of residuals (reduced chisquare) = WSSR/ndf   : 89.9019

Final set of parameters            Asymptotic Standard Error
=======================            ==========================

n_1             = 1.40518          +/- 0.01834      (1.306%)


correlation matrix of the fit parameters:

               n_1    
n_1             1.000 


*******************************************************************************
Thu Apr  2 15:47:07 2015


FIT:    data read from 'messwerte.csv' u 2:5:(0.2)
        format = x:z:s
        x range restricted to [40.0000 : 95.0000]
        #datapoints = 19
function used for fitting: j(rad(x))
fitted parameters initialized with current variable values



 Iteration 0
 WSSR        : 995228            delta(WSSR)/WSSR   : 0
 delta(WSSR) : 0                 limit for stopping : 1e-05
 lambda	  : 206540

initial set of free parameter values

n_1             = 1

After 7 iterations the fit converged.
final sum of squares of residuals : 1618.23
rel. change during last iteration : -7.86611e-06

degrees of freedom    (FIT_NDF)                        : 18
rms of residuals      (FIT_STDFIT) = sqrt(WSSR/ndf)    : 9.48166
variance of residuals (reduced chisquare) = WSSR/ndf   : 89.9019

Final set of parameters            Asymptotic Standard Error
=======================            ==========================

n_1             = 1.40518          +/- 0.01834      (1.306%)


correlation matrix of the fit parameters:

               n_1    
n_1             1.000 
